#
# A fatal error has been detected by the Java Runtime Environment:
#
#  EXCEPTION_ACCESS_VIOLATION (0xc0000005) at pc=0x00007ffda322a6b0, pid=11080, tid=1184
#
# JRE version: OpenJDK Runtime Environment (21.0.1+12) (build 21.0.1+12-29)
# Java VM: OpenJDK 64-Bit Server VM (21.0.1+12-29, mixed mode, sharing, tiered, compressed oops, compressed class ptrs, g1 gc, windows-amd64)
# Problematic frame:
# V  [jvm.dll+0x3ba6b0]
#
# No core dump will be written. Minidumps are not enabled by default on client versions of Windows
#
# If you would like to submit a bug report, please visit:
#   https://bugreport.java.com/bugreport/crash.jsp
#

---------------  S U M M A R Y ------------

Command Line: -javaagent:C:\Users\abinayas\AppData\Local\JetBrains\IntelliJ IDEA Community Edition 2023.3.2\lib\idea_rt.jar=56006:C:\Users\abinayas\AppData\Local\JetBrains\IntelliJ IDEA Community Edition 2023.3.2\bin -Dfile.encoding=UTF-8 -Dsun.stdout.encoding=UTF-8 -Dsun.stderr.encoding=UTF-8 com.firstproject.Spring_boot_first.SpringBootFirstApplication

Host: Intel(R) Core(TM) i5-8265U CPU @ 1.60GHz, 8 cores, 15G,  Windows 10 , 64 bit Build 19041 (10.0.19041.1889)
Time: Fri Jan 12 14:06:16 2024 Sri Lanka Standard Time elapsed time: 5.537226 seconds (0d 0h 0m 5s)

---------------  T H R E A D  ---------------

Current thread (0x00000254fe023920):  JavaThread "C2 CompilerThread0" daemon [_thread_in_native, id=1184, stack(0x000000c3bd100000,0x000000c3bd200000) (1024K)]


Current CompileTask:
C2:   5537 4206   !   4       jdk.internal.loader.BuiltinClassLoader::findClassOnClassPathOrNull (64 bytes)

Stack: [0x000000c3bd100000,0x000000c3bd200000],  sp=0x000000c3bd1fce70,  free space=1011k
Native frames: (J=compiled Java code, j=interpreted, Vv=VM code, C=native code)
V  [jvm.dll+0x3ba6b0]
V  [jvm.dll+0x3b3b91]
V  [jvm.dll+0x1e20f7]
V  [jvm.dll+0x249c22]
V  [jvm.dll+0x2490b1]
V  [jvm.dll+0x1c9ca1]
V  [jvm.dll+0x2586b9]
V  [jvm.dll+0x256c9a]
V  [jvm.dll+0x3ef1b6]
V  [jvm.dll+0x7fd728]
V  [jvm.dll+0x6c777d]
C  [ucrtbase.dll+0x21bb2]
C  [KERNEL32.DLL+0x17034]
C  [ntdll.dll+0x526a1]


siginfo: EXCEPTION_ACCESS_VIOLATION (0xc0000005), reading address 0x00007ffd83a92e30


Registers:
RAX=0x0000000000000000, RBX=0x0000000000000007, RCX=0x0000000000000000, RDX=0x00007ffd83a92e30
RSP=0x000000c3bd1fce70, RBP=0x00007ffda3a92e30, RSI=0x0000000000000fb2, RDI=0x000000c3bd1fcec0
R8 =0x00000254d7353f90, R9 =0x0000000000000004, R10=0x00000254d4f1c158, R11=0x0000000000000000
R12=0x0000000000000000, R13=0x0000000000000001, R14=0x0000000000000032, R15=0x00007ffda3a92e30
RIP=0x00007ffda322a6b0, EFLAGS=0x0000000000010246


Register to memory mapping:

RAX=0x0 is null
RBX=0x0000000000000007 is an unknown value
RCX=0x0 is null
RDX=0x00007ffd83a92e30 is an unknown value
RSP=0x000000c3bd1fce70 is pointing into the stack for thread: 0x00000254fe023920
RBP=0x00007ffda3a92e30 jvm.dll
RSI=0x0000000000000fb2 is an unknown value
RDI=0x000000c3bd1fcec0 is pointing into the stack for thread: 0x00000254fe023920
R8 =0x00000254d7353f90 points into unknown readable memory: 0x0000000b00000004 | 04 00 00 00 0b 00 00 00
R9 =0x0000000000000004 is an unknown value
R10=0x00000254d4f1c158 points into unknown readable memory: 0x0000000000000000 | 00 00 00 00 00 00 00 00
R11=0x0 is null
R12=0x0 is null
R13=0x0000000000000001 is an unknown value
R14=0x0000000000000032 is an unknown value
R15=0x00007ffda3a92e30 jvm.dll

Top of Stack: (sp=0x000000c3bd1fce70)
0x000000c3bd1fce70:   00000254d5a48fa0 00000254fe004300
0x000000c3bd1fce80:   00000254d4a912f0 00007ffda384ff80
0x000000c3bd1fce90:   0000000000000fb2 00007ffda3223b91
0x000000c3bd1fcea0:   00000254d7353bd0 000000c3bd1fcfe0
0x000000c3bd1fceb0:   0000000000000fb2 00000254fe004390
0x000000c3bd1fcec0:   0000000000000000 0000000400000000
0x000000c3bd1fced0:   0000000b00000000 00007ffd83a92e30
0x000000c3bd1fcee0:   00000254d5025110 00000254d7353f90
0x000000c3bd1fcef0:   00000254ff497c70 0000000000000000
0x000000c3bd1fcf00:   000000c3bd1fd010 00007ffda30520f7
0x000000c3bd1fcf10:   000000c3bd1fd380 00000254ff498048
0x000000c3bd1fcf20:   000000c3bd1fd460 00000254ff497c60
0x000000c3bd1fcf30:   000000000000c100 000000000000000e
0x000000c3bd1fcf40:   0000000000000007 00000254ff497c60
0x000000c3bd1fcf50:   00000254fec76890 00000254fec7b580
0x000000c3bd1fcf60:   00000254fec7e878 000000000082e350
0x000000c3bd1fcf70:   00000254ff497c70 00007ffe0e0dfde6
0x000000c3bd1fcf80:   0000000000000000 0000000000000000
0x000000c3bd1fcf90:   00000254fe004390 0000025400000000
0x000000c3bd1fcfa0:   000000000000ad58 00007ffda3819660
0x000000c3bd1fcfb0:   0000000000000000 000000c3bd1fe840
0x000000c3bd1fcfc0:   0000000000000000 00007ffda3819660
0x000000c3bd1fcfd0:   00000254fe004300 00007ffda2f33e7e
0x000000c3bd1fcfe0:   000000000000000c 000000c3bd1fe840
0x000000c3bd1fcff0:   00000254d72b7050 00000254fe004300
0x000000c3bd1fd000:   00000254d7419050 0000025400002241
0x000000c3bd1fd010:   000000c3bd1fcf40 00000254ff497c70
0x000000c3bd1fd020:   00007ffda3819630 000000000000000d
0x000000c3bd1fd030:   000000c3bd1fe840 000000c3bd1fd380
0x000000c3bd1fd040:   0000025400003050 00000254fe004390
0x000000c3bd1fd050:   000000000000000a 000000c3bd1fe840
0x000000c3bd1fd060:   00000254d550b670 0000000000000000 

Instructions: (pc=0x00007ffda322a6b0)
0x00007ffda322a5b0:   48 8b 8e d8 08 00 00 48 85 c9 75 0c e8 af 0a 00
0x00007ffda322a5c0:   00 48 8b 8e d8 08 00 00 48 8b 01 0f 57 c0 48 89
0x00007ffda322a5d0:   86 d8 08 00 00 0f 11 01 0f 11 41 10 0f 10 45 00
0x00007ffda322a5e0:   0f 11 01 0f 10 4d 10 0f 11 49 10 48 8b 43 08 49
0x00007ffda322a5f0:   89 0c 06 48 8d 0d 36 88 86 00 ff c7 ba 70 00 00
0x00007ffda322a600:   00 3b bb 90 00 00 00 0f 82 63 ff ff ff 4c 8b 74
0x00007ffda322a610:   24 60 4c 8b 64 24 58 48 8b 6c 24 50 48 8b c3 48
0x00007ffda322a620:   83 c4 20 41 5f 41 5d 5f 5e 5b c3 cc cc cc cc cc
0x00007ffda322a630:   48 89 74 24 18 57 48 83 ec 20 8b 51 0c 48 8b f9
0x00007ffda322a640:   83 fa 04 73 29 48 8b 49 18 0f 1f 80 00 00 00 00
0x00007ffda322a650:   8b c2 44 8d 4a 01 48 83 3c c1 00 4c 8d 14 c1 0f
0x00007ffda322a660:   85 91 00 00 00 41 8b d1 41 83 f9 04 72 e2 48 89
0x00007ffda322a670:   5c 24 30 8b 5f 10 48 89 6c 24 38 3b 5f 14 73 5f
0x00007ffda322a680:   48 8d 2d a9 87 86 00 66 0f 1f 84 00 00 00 00 00
0x00007ffda322a690:   48 8b 47 20 8b cb 48 8b 14 c8 48 3b d5 74 39 33
0x00007ffda322a6a0:   c0 48 89 57 18 33 c9 66 0f 1f 84 00 00 00 00 00
0x00007ffda322a6b0:   48 83 3c 11 00 44 8d 48 01 75 78 48 83 c1 08 41
0x00007ffda322a6c0:   8b c1 41 83 f9 04 72 e8 48 8b 4f 28 48 85 c9 74
0x00007ffda322a6d0:   07 8b d3 e8 58 01 00 00 ff c3 3b 5f 14 72 b1 33
0x00007ffda322a6e0:   c0 48 8b 5c 24 30 48 8b 6c 24 38 48 8b 74 24 40
0x00007ffda322a6f0:   48 83 c4 20 5f c3 8b 47 10 48 8b 74 24 40 44 8d
0x00007ffda322a700:   04 82 41 c1 e0 06 41 81 c0 00 ff ff ff 44 89 47
0x00007ffda322a710:   08 49 8b 12 48 0f bc c2 44 89 4f 0c 8b c8 48 d3
0x00007ffda322a720:   ea 48 ff ca 41 03 c0 48 89 17 89 47 08 48 83 c4
0x00007ffda322a730:   20 5f c3 8b c8 44 8d 04 98 41 c1 e0 06 8d 43 01
0x00007ffda322a740:   44 89 47 08 48 8b 14 ca 89 47 10 48 0f bc c2 44
0x00007ffda322a750:   89 4f 0c 8b c8 48 d3 ea 48 ff ca 41 03 c0 48 89
0x00007ffda322a760:   17 89 47 08 e9 78 ff ff ff cc cc cc cc cc cc cc
0x00007ffda322a770:   40 53 48 83 ec 20 65 48 8b 04 25 58 00 00 00 8b
0x00007ffda322a780:   0d a3 f7 8a 00 48 8b 1c c8 b8 70 00 00 00 80 3c
0x00007ffda322a790:   18 00 75 05 e8 67 a2 53 00 b8 20 00 00 00 48 8b
0x00007ffda322a7a0:   04 18 48 8b 88 68 06 00 00 48 8b 99 80 00 00 00 


Stack slot to memory mapping:

stack at sp + 0 slots: 0x00000254d5a48fa0 points into unknown readable memory: 0xf0e0d0c000000010 | 10 00 00 00 c0 d0 e0 f0
stack at sp + 1 slots: 0x00000254fe004300 points into unknown readable memory: 0x0000000000000000 | 00 00 00 00 00 00 00 00
stack at sp + 2 slots: 0x00000254d4a912f0 points into unknown readable memory: 0x0000000000000000 | 00 00 00 00 00 00 00 00
stack at sp + 3 slots: 0x00007ffda384ff80 jvm.dll
stack at sp + 4 slots: 0x0000000000000fb2 is an unknown value
stack at sp + 5 slots: 0x00007ffda3223b91 jvm.dll
stack at sp + 6 slots: 0x00000254d7353bd0 points into unknown readable memory: 0x0000001000000005 | 05 00 00 00 10 00 00 00
stack at sp + 7 slots: 0x000000c3bd1fcfe0 is pointing into the stack for thread: 0x00000254fe023920


---------------  P R O C E S S  ---------------

Threads class SMR info:
_java_thread_list=0x00000254d48d2a00, length=21, elements={
0x00000254ebf598b0, 0x00000254fe003bd0, 0x00000254fe006120, 0x00000254fe00a690,
0x00000254fe00ad00, 0x00000254fe00b370, 0x00000254fe011e10, 0x00000254fe023920,
0x00000254fe043fe0, 0x00000254fe24f8b0, 0x00000254fe5592d0, 0x00000254fe70f190,
0x00000254fe72f810, 0x00000254feebe680, 0x00000254fed3b590, 0x00000254ff5c8730,
0x00000254d4e39610, 0x00000254d4e38f80, 0x00000254d4e3a330, 0x00000254d4e3a9c0,
0x00000254d4e39ca0
}

Java Threads: ( => current thread )
  0x00000254ebf598b0 JavaThread "main"                              [_thread_blocked, id=7692, stack(0x000000c3bc300000,0x000000c3bc400000) (1024K)]
  0x00000254fe003bd0 JavaThread "Reference Handler"          daemon [_thread_blocked, id=11808, stack(0x000000c3bcb00000,0x000000c3bcc00000) (1024K)]
  0x00000254fe006120 JavaThread "Finalizer"                  daemon [_thread_blocked, id=18132, stack(0x000000c3bcc00000,0x000000c3bcd00000) (1024K)]
  0x00000254fe00a690 JavaThread "Signal Dispatcher"          daemon [_thread_blocked, id=17304, stack(0x000000c3bcd00000,0x000000c3bce00000) (1024K)]
  0x00000254fe00ad00 JavaThread "Attach Listener"            daemon [_thread_blocked, id=17768, stack(0x000000c3bce00000,0x000000c3bcf00000) (1024K)]
  0x00000254fe00b370 JavaThread "Service Thread"             daemon [_thread_blocked, id=18748, stack(0x000000c3bcf00000,0x000000c3bd000000) (1024K)]
  0x00000254fe011e10 JavaThread "Monitor Deflation Thread"   daemon [_thread_blocked, id=14416, stack(0x000000c3bd000000,0x000000c3bd100000) (1024K)]
=>0x00000254fe023920 JavaThread "C2 CompilerThread0"         daemon [_thread_in_native, id=1184, stack(0x000000c3bd100000,0x000000c3bd200000) (1024K)]
  0x00000254fe043fe0 JavaThread "C1 CompilerThread0"         daemon [_thread_blocked, id=15820, stack(0x000000c3bd200000,0x000000c3bd300000) (1024K)]
  0x00000254fe24f8b0 JavaThread "Common-Cleaner"             daemon [_thread_blocked, id=18316, stack(0x000000c3bd300000,0x000000c3bd400000) (1024K)]
  0x00000254fe5592d0 JavaThread "C2 CompilerThread1"         daemon [_thread_blocked, id=3824, stack(0x000000c3bd400000,0x000000c3bd500000) (1024K)]
  0x00000254fe70f190 JavaThread "Monitor Ctrl-Break"         daemon [_thread_in_native, id=19328, stack(0x000000c3bd500000,0x000000c3bd600000) (1024K)]
  0x00000254fe72f810 JavaThread "Notification Thread"        daemon [_thread_blocked, id=11724, stack(0x000000c3bd600000,0x000000c3bd700000) (1024K)]
  0x00000254feebe680 JavaThread "Thread-0"                          [_thread_blocked, id=3124, stack(0x000000c3bd700000,0x000000c3bd800000) (1024K)]
  0x00000254fed3b590 JavaThread "restartedMain"                     [_thread_in_native, id=572, stack(0x000000c3bd800000,0x000000c3bd900000) (1024K)]
  0x00000254ff5c8730 JavaThread "C2 CompilerThread2"         daemon [_thread_blocked, id=16756, stack(0x000000c3bde00000,0x000000c3bdf00000) (1024K)]
  0x00000254d4e39610 JavaThread "HikariPool-1 housekeeper"   daemon [_thread_blocked, id=2064, stack(0x000000c3be200000,0x000000c3be300000) (1024K)]
  0x00000254d4e38f80 JavaThread "Catalina-utility-1"                [_thread_blocked, id=5936, stack(0x000000c3be300000,0x000000c3be400000) (1024K)]
  0x00000254d4e3a330 JavaThread "Catalina-utility-2"                [_thread_blocked, id=2300, stack(0x000000c3be400000,0x000000c3be500000) (1024K)]
  0x00000254d4e3a9c0 JavaThread "container-0"                       [_thread_blocked, id=16084, stack(0x000000c3be500000,0x000000c3be600000) (1024K)]
  0x00000254d4e39ca0 JavaThread "HikariPool-1 connection adder" daemon [_thread_blocked, id=19144, stack(0x000000c3be600000,0x000000c3be700000) (1024K)]
Total: 21

Other Threads:
  0x00000254fdfe1bf0 VMThread "VM Thread"                           [id=14636, stack(0x000000c3bca00000,0x000000c3bcb00000) (1024K)]
  0x00000254fdfcd030 WatcherThread "VM Periodic Task Thread"        [id=9648, stack(0x000000c3bc900000,0x000000c3bca00000) (1024K)]
  0x00000254ebfc44e0 WorkerThread "GC Thread#0"                     [id=7808, stack(0x000000c3bc400000,0x000000c3bc500000) (1024K)]
  0x00000254fdfe1f90 WorkerThread "GC Thread#1"                     [id=15384, stack(0x000000c3bd900000,0x000000c3bda00000) (1024K)]
  0x00000254fdfe2a70 WorkerThread "GC Thread#2"                     [id=17836, stack(0x000000c3bda00000,0x000000c3bdb00000) (1024K)]
  0x00000254fdfe26d0 WorkerThread "GC Thread#3"                     [id=12760, stack(0x000000c3bdb00000,0x000000c3bdc00000) (1024K)]
  0x00000254fdfe2e10 WorkerThread "GC Thread#4"                     [id=9492, stack(0x000000c3bdc00000,0x000000c3bdd00000) (1024K)]
  0x00000254fdfe1850 WorkerThread "GC Thread#5"                     [id=10928, stack(0x000000c3bdd00000,0x000000c3bde00000) (1024K)]
  0x00000254fdfe31b0 WorkerThread "GC Thread#6"                     [id=11044, stack(0x000000c3bdf00000,0x000000c3be000000) (1024K)]
  0x00000254ff4a78f0 WorkerThread "GC Thread#7"                     [id=9768, stack(0x000000c3be000000,0x000000c3be100000) (1024K)]
  0x00000254ebfd6320 ConcurrentGCThread "G1 Main Marker"            [id=19308, stack(0x000000c3bc500000,0x000000c3bc600000) (1024K)]
  0x00000254ebfd74d0 WorkerThread "G1 Conc#0"                       [id=17312, stack(0x000000c3bc600000,0x000000c3bc700000) (1024K)]
  0x00000254ff4a7c90 WorkerThread "G1 Conc#1"                       [id=17572, stack(0x000000c3be100000,0x000000c3be200000) (1024K)]
  0x00000254ec02e990 ConcurrentGCThread "G1 Refine#0"               [id=13516, stack(0x000000c3bc700000,0x000000c3bc800000) (1024K)]
  0x00000254fdea02b0 ConcurrentGCThread "G1 Service"                [id=18584, stack(0x000000c3bc800000,0x000000c3bc900000) (1024K)]
Total: 15

Threads with active compile tasks:
C2 CompilerThread0     5600 4206   !   4       jdk.internal.loader.BuiltinClassLoader::findClassOnClassPathOrNull (64 bytes)
Total: 1

VM state: not at safepoint (normal execution)

VM Mutex/Monitor currently owned by a thread: None

Heap address: 0x0000000702600000, size: 4058 MB, Compressed Oops mode: Zero based, Oop shift amount: 3

CDS archive(s) mapped at: [0x000002548f000000-0x000002548fc90000-0x000002548fc90000), size 13172736, SharedBaseAddress: 0x000002548f000000, ArchiveRelocationMode: 1.
Compressed class space mapped at: 0x0000025490000000-0x00000254d0000000, reserved size: 1073741824
Narrow klass base: 0x000002548f000000, Narrow klass shift: 0, Narrow klass range: 0x100000000

GC Precious Log:
 CardTable entry size: 512
 Card Set container configuration: InlinePtr #cards 4 size 8 Array Of Cards #cards 16 size 48 Howl #buckets 8 coarsen threshold 3686 Howl Bitmap #cards 512 size 80 coarsen threshold 460 Card regions per heap region 1 cards per card region 4096
 CPUs: 8 total, 8 available
 Memory: 16230M
 Large Page Support: Disabled
 NUMA Support: Disabled
 Compressed Oops: Enabled (Zero based)
 Heap Region Size: 2M
 Heap Min Capacity: 8M
 Heap Initial Capacity: 254M
 Heap Max Capacity: 4058M
 Pre-touch: Disabled
 Parallel Workers: 8
 Concurrent Workers: 2
 Concurrent Refinement Workers: 8
 Periodic GC: Disabled

Heap:
 garbage-first heap   total 67584K, used 40778K [0x0000000702600000, 0x0000000800000000)
  region size 2048K, 13 young (26624K), 1 survivors (2048K)
 Metaspace       used 41881K, committed 42432K, reserved 1114112K
  class space    used 5420K, committed 5632K, reserved 1048576K

Heap Regions: E=young(eden), S=young(survivor), O=old, HS=humongous(starts), HC=humongous(continues), CS=collection set, F=free, TAMS=top-at-mark-start, PB=parsable bottom
|   0|0x0000000702600000, 0x0000000702800000, 0x0000000702800000|100%| O|  |TAMS 0x0000000702600000| PB 0x0000000702600000| Untracked 
|   1|0x0000000702800000, 0x0000000702a00000, 0x0000000702a00000|100%| O|  |TAMS 0x0000000702800000| PB 0x0000000702800000| Untracked 
|   2|0x0000000702a00000, 0x0000000702bd2ac0, 0x0000000702c00000| 91%| O|  |TAMS 0x0000000702a00000| PB 0x0000000702a00000| Untracked 
|   3|0x0000000702c00000, 0x0000000702e00000, 0x0000000702e00000|100%| O|  |TAMS 0x0000000702c00000| PB 0x0000000702c00000| Untracked 
|   4|0x0000000702e00000, 0x0000000703000000, 0x0000000703000000|100%| O|  |TAMS 0x0000000702e00000| PB 0x0000000702e00000| Untracked 
|   5|0x0000000703000000, 0x0000000703200000, 0x0000000703200000|100%| O|  |TAMS 0x0000000703000000| PB 0x0000000703000000| Untracked 
|   6|0x0000000703200000, 0x0000000703400000, 0x0000000703400000|100%| O|  |TAMS 0x0000000703200000| PB 0x0000000703200000| Untracked 
|   7|0x0000000703400000, 0x0000000703600000, 0x0000000703600000|100%| O|Cm|TAMS 0x0000000703400000| PB 0x0000000703400000| Complete 
|   8|0x0000000703600000, 0x0000000703600000, 0x0000000703800000|  0%| F|  |TAMS 0x0000000703600000| PB 0x0000000703600000| Untracked 
|   9|0x0000000703800000, 0x0000000703800000, 0x0000000703a00000|  0%| F|  |TAMS 0x0000000703800000| PB 0x0000000703800000| Untracked 
|  10|0x0000000703a00000, 0x0000000703a00000, 0x0000000703c00000|  0%| F|  |TAMS 0x0000000703a00000| PB 0x0000000703a00000| Untracked 
|  11|0x0000000703c00000, 0x0000000703c00000, 0x0000000703e00000|  0%| F|  |TAMS 0x0000000703c00000| PB 0x0000000703c00000| Untracked 
|  12|0x0000000703e00000, 0x0000000703e00000, 0x0000000704000000|  0%| F|  |TAMS 0x0000000703e00000| PB 0x0000000703e00000| Untracked 
|  13|0x0000000704000000, 0x0000000704000000, 0x0000000704200000|  0%| F|  |TAMS 0x0000000704000000| PB 0x0000000704000000| Untracked 
|  14|0x0000000704200000, 0x0000000704200000, 0x0000000704400000|  0%| F|  |TAMS 0x0000000704200000| PB 0x0000000704200000| Untracked 
|  15|0x0000000704400000, 0x0000000704400000, 0x0000000704600000|  0%| F|  |TAMS 0x0000000704400000| PB 0x0000000704400000| Untracked 
|  16|0x0000000704600000, 0x0000000704600000, 0x0000000704800000|  0%| F|  |TAMS 0x0000000704600000| PB 0x0000000704600000| Untracked 
|  17|0x0000000704800000, 0x0000000704800000, 0x0000000704a00000|  0%| F|  |TAMS 0x0000000704800000| PB 0x0000000704800000| Untracked 
|  18|0x0000000704a00000, 0x0000000704a00000, 0x0000000704c00000|  0%| F|  |TAMS 0x0000000704a00000| PB 0x0000000704a00000| Untracked 
|  19|0x0000000704c00000, 0x0000000704c00000, 0x0000000704e00000|  0%| F|  |TAMS 0x0000000704c00000| PB 0x0000000704c00000| Untracked 
|  20|0x0000000704e00000, 0x0000000704f99a18, 0x0000000705000000| 80%| E|  |TAMS 0x0000000704e00000| PB 0x0000000704e00000| Complete 
|  21|0x0000000705000000, 0x0000000705200000, 0x0000000705200000|100%| E|CS|TAMS 0x0000000705000000| PB 0x0000000705000000| Complete 
|  22|0x0000000705200000, 0x0000000705400000, 0x0000000705400000|100%| E|CS|TAMS 0x0000000705200000| PB 0x0000000705200000| Complete 
|  23|0x0000000705400000, 0x0000000705600000, 0x0000000705600000|100%| E|CS|TAMS 0x0000000705400000| PB 0x0000000705400000| Complete 
|  24|0x0000000705600000, 0x0000000705800000, 0x0000000705800000|100%| E|CS|TAMS 0x0000000705600000| PB 0x0000000705600000| Complete 
|  25|0x0000000705800000, 0x0000000705a00000, 0x0000000705a00000|100%| E|CS|TAMS 0x0000000705800000| PB 0x0000000705800000| Complete 
|  26|0x0000000705a00000, 0x0000000705c00000, 0x0000000705c00000|100%| E|CS|TAMS 0x0000000705a00000| PB 0x0000000705a00000| Complete 
|  27|0x0000000705c00000, 0x0000000705e00000, 0x0000000705e00000|100%| E|CS|TAMS 0x0000000705c00000| PB 0x0000000705c00000| Complete 
|  96|0x000000070e600000, 0x000000070e800000, 0x000000070e800000|100%| E|CS|TAMS 0x000000070e600000| PB 0x000000070e600000| Complete 
|  97|0x000000070e800000, 0x000000070ea00000, 0x000000070ea00000|100%| E|CS|TAMS 0x000000070e800000| PB 0x000000070e800000| Complete 
|  98|0x000000070ea00000, 0x000000070ec00000, 0x000000070ec00000|100%| E|CS|TAMS 0x000000070ea00000| PB 0x000000070ea00000| Complete 
|  99|0x000000070ec00000, 0x000000070ee00000, 0x000000070ee00000|100%| S|CS|TAMS 0x000000070ec00000| PB 0x000000070ec00000| Complete 
| 126|0x0000000712200000, 0x0000000712400000, 0x0000000712400000|100%| E|CS|TAMS 0x0000000712200000| PB 0x0000000712200000| Complete 

Card table byte_map: [0x00000254f6df0000,0x00000254f75e0000] _byte_map_base: 0x00000254f35dd000

Marking Bits: (CMBitMap*) 0x00000254ebfc5b00
 Bits: [0x00000254f75e0000, 0x00000254fb548000)

Polling page: 0x00000254ec030000

Metaspace:

Usage:
  Non-class:     35.62 MB used.
      Class:      5.29 MB used.
       Both:     40.91 MB used.

Virtual space:
  Non-class space:       64.00 MB reserved,      35.94 MB ( 56%) committed,  1 nodes.
      Class space:        1.00 GB reserved,       5.50 MB ( <1%) committed,  1 nodes.
             Both:        1.06 GB reserved,      41.44 MB (  4%) committed. 

Chunk freelists:
   Non-Class:  11.97 MB
       Class:  10.44 MB
        Both:  22.41 MB

MaxMetaspaceSize: unlimited
CompressedClassSpaceSize: 1.00 GB
Initial GC threshold: 21.00 MB
Current GC threshold: 58.88 MB
CDS: on
 - commit_granule_bytes: 65536.
 - commit_granule_words: 8192.
 - virtual_space_node_default_size: 8388608.
 - enlarge_chunks_in_place: 1.
 - use_allocation_guard: 0.


Internal statistics:

num_allocs_failed_limit: 6.
num_arena_births: 702.
num_arena_deaths: 0.
num_vsnodes_births: 2.
num_vsnodes_deaths: 0.
num_space_committed: 663.
num_space_uncommitted: 0.
num_chunks_returned_to_freelist: 6.
num_chunks_taken_from_freelist: 2209.
num_chunk_merges: 6.
num_chunk_splits: 1558.
num_chunks_enlarged: 1170.
num_inconsistent_stats: 0.

CodeHeap 'non-profiled nmethods': size=120000Kb used=2475Kb max_used=2475Kb free=117525Kb
 bounds [0x0000025487ad0000, 0x0000025487d40000, 0x000002548f000000]
CodeHeap 'profiled nmethods': size=120000Kb used=7647Kb max_used=8649Kb free=112353Kb
 bounds [0x0000025480000000, 0x0000025480880000, 0x0000025487530000]
CodeHeap 'non-nmethods': size=5760Kb used=1532Kb max_used=1602Kb free=4227Kb
 bounds [0x0000025487530000, 0x00000254877a0000, 0x0000025487ad0000]
 total_blobs=4414 nmethods=3810 adapters=508
 compilation: enabled
              stopped_count=0, restarted_count=0
 full_count=0

Compilation events (20 events):
Event: 5.460 Thread 0x00000254fe043fe0 4249       1       java.lang.reflect.Field::getModifiers (5 bytes)
Event: 5.460 Thread 0x00000254fe043fe0 nmethod 4249 0x0000025487b71c90 code [0x0000025487b71e20, 0x0000025487b71ee8]
Event: 5.461 Thread 0x00000254fe043fe0 4250       3       jdk.internal.reflect.Reflection::verifyModuleAccess (24 bytes)
Event: 5.461 Thread 0x00000254fe043fe0 nmethod 4250 0x00000254800ff890 code [0x00000254800ffaa0, 0x00000254800ffff0]
Event: 5.461 Thread 0x00000254fe043fe0 4251       1       java.lang.reflect.Field::getType (5 bytes)
Event: 5.461 Thread 0x00000254fe043fe0 nmethod 4251 0x0000025487b85c90 code [0x0000025487b85e20, 0x0000025487b85ef0]
Event: 5.461 Thread 0x00000254fe043fe0 4253       3       java.lang.reflect.Modifier::isFinal (13 bytes)
Event: 5.461 Thread 0x00000254fe043fe0 nmethod 4253 0x0000025480027a10 code [0x0000025480027ba0, 0x0000025480027cf0]
Event: 5.461 Thread 0x00000254fe043fe0 4254       3       java.lang.reflect.AccessibleObject::slowVerifyAccess (67 bytes)
Event: 5.462 Thread 0x00000254fe043fe0 nmethod 4254 0x0000025480008510 code [0x0000025480008740, 0x0000025480008ed8]
Event: 5.462 Thread 0x00000254fe043fe0 4255       3       java.lang.String$CaseInsensitiveComparator::compare (13 bytes)
Event: 5.462 Thread 0x00000254fe043fe0 nmethod 4255 0x000002548026b210 code [0x000002548026b3e0, 0x000002548026b718]
Event: 5.463 Thread 0x00000254fe043fe0 4256       3       java.lang.String$CaseInsensitiveComparator::compare (68 bytes)
Event: 5.463 Thread 0x00000254fe043fe0 nmethod 4256 0x0000025480021490 code [0x00000254800216a0, 0x0000025480021b58]
Event: 5.477 Thread 0x00000254fe043fe0 4257   !   3       java.lang.Class::desiredAssertionStatus (54 bytes)
Event: 5.477 Thread 0x00000254fe043fe0 nmethod 4257 0x00000254801fb810 code [0x00000254801fba20, 0x00000254801fbf68]
Event: 5.481 Thread 0x00000254fe5592d0 nmethod 4245 0x0000025487b1d190 code [0x0000025487b1d460, 0x0000025487b1e9c0]
Event: 5.481 Thread 0x00000254fe5592d0 4246       4       java.lang.reflect.Method::copy (84 bytes)
Event: 5.484 Thread 0x00000254fe5592d0 nmethod 4246 0x0000025487b37b90 code [0x0000025487b37d20, 0x0000025487b38068]
Event: 5.485 Thread 0x00000254fe5592d0 4248       4       sun.invoke.util.VerifyAccess::isSamePackage (37 bytes)

GC Heap History (12 events):
Event: 0.790 GC heap before
{Heap before GC invocations=0 (full 0):
 garbage-first heap   total 260096K, used 22528K [0x0000000702600000, 0x0000000800000000)
  region size 2048K, 11 young (22528K), 0 survivors (0K)
 Metaspace       used 5153K, committed 5376K, reserved 1114112K
  class space    used 576K, committed 704K, reserved 1048576K
}
Event: 0.794 GC heap after
{Heap after GC invocations=1 (full 0):
 garbage-first heap   total 260096K, used 5866K [0x0000000702600000, 0x0000000800000000)
  region size 2048K, 2 young (4096K), 2 survivors (4096K)
 Metaspace       used 5153K, committed 5376K, reserved 1114112K
  class space    used 576K, committed 704K, reserved 1048576K
}
Event: 1.500 GC heap before
{Heap before GC invocations=1 (full 0):
 garbage-first heap   total 260096K, used 34538K [0x0000000702600000, 0x0000000800000000)
  region size 2048K, 16 young (32768K), 2 survivors (4096K)
 Metaspace       used 13039K, committed 13248K, reserved 1114112K
  class space    used 1506K, committed 1600K, reserved 1048576K
}
Event: 1.505 GC heap after
{Heap after GC invocations=2 (full 0):
 garbage-first heap   total 260096K, used 9049K [0x0000000702600000, 0x0000000800000000)
  region size 2048K, 2 young (4096K), 2 survivors (4096K)
 Metaspace       used 13039K, committed 13248K, reserved 1114112K
  class space    used 1506K, committed 1600K, reserved 1048576K
}
Event: 2.779 GC heap before
{Heap before GC invocations=2 (full 0):
 garbage-first heap   total 260096K, used 58201K [0x0000000702600000, 0x0000000800000000)
  region size 2048K, 27 young (55296K), 2 survivors (4096K)
 Metaspace       used 21221K, committed 21504K, reserved 1114112K
  class space    used 2557K, committed 2688K, reserved 1048576K
}
Event: 2.787 GC heap after
{Heap after GC invocations=3 (full 0):
 garbage-first heap   total 260096K, used 12828K [0x0000000702600000, 0x0000000800000000)
  region size 2048K, 4 young (8192K), 4 survivors (8192K)
 Metaspace       used 21221K, committed 21504K, reserved 1114112K
  class space    used 2557K, committed 2688K, reserved 1048576K
}
Event: 4.097 GC heap before
{Heap before GC invocations=4 (full 0):
 garbage-first heap   total 55296K, used 53788K [0x0000000702600000, 0x0000000800000000)
  region size 2048K, 24 young (49152K), 4 survivors (8192K)
 Metaspace       used 28589K, committed 29184K, reserved 1114112K
  class space    used 3577K, committed 3840K, reserved 1048576K
}
Event: 4.107 GC heap after
{Heap after GC invocations=5 (full 0):
 garbage-first heap   total 67584K, used 16736K [0x0000000702600000, 0x0000000800000000)
  region size 2048K, 6 young (12288K), 6 survivors (12288K)
 Metaspace       used 28589K, committed 29184K, reserved 1114112K
  class space    used 3577K, committed 3840K, reserved 1048576K
}
Event: 4.796 GC heap before
{Heap before GC invocations=5 (full 0):
 garbage-first heap   total 67584K, used 43360K [0x0000000702600000, 0x0000000800000000)
  region size 2048K, 19 young (38912K), 6 survivors (12288K)
 Metaspace       used 35328K, committed 35904K, reserved 1114112K
  class space    used 4360K, committed 4608K, reserved 1048576K
}
Event: 4.805 GC heap after
{Heap after GC invocations=6 (full 0):
 garbage-first heap   total 67584K, used 18944K [0x0000000702600000, 0x0000000800000000)
  region size 2048K, 2 young (4096K), 2 survivors (4096K)
 Metaspace       used 35328K, committed 35904K, reserved 1114112K
  class space    used 4360K, committed 4608K, reserved 1048576K
}
Event: 4.839 GC heap before
{Heap before GC invocations=6 (full 0):
 garbage-first heap   total 67584K, used 18944K [0x0000000702600000, 0x0000000800000000)
  region size 2048K, 3 young (6144K), 2 survivors (4096K)
 Metaspace       used 35462K, committed 35968K, reserved 1114112K
  class space    used 4386K, committed 4608K, reserved 1048576K
}
Event: 4.841 GC heap after
{Heap after GC invocations=7 (full 0):
 garbage-first heap   total 67584K, used 18250K [0x0000000702600000, 0x0000000800000000)
  region size 2048K, 1 young (2048K), 1 survivors (2048K)
 Metaspace       used 35462K, committed 35968K, reserved 1114112K
  class space    used 4386K, committed 4608K, reserved 1048576K
}

Dll operation events (14 events):
Event: 0.009 Loaded shared library C:\Users\abinayas\.jdks\openjdk-21.0.1\bin\java.dll
Event: 0.051 Loaded shared library C:\Users\abinayas\.jdks\openjdk-21.0.1\bin\jsvml.dll
Event: 0.131 Loaded shared library C:\Users\abinayas\.jdks\openjdk-21.0.1\bin\zip.dll
Event: 0.134 Loaded shared library C:\Users\abinayas\.jdks\openjdk-21.0.1\bin\instrument.dll
Event: 0.140 Loaded shared library C:\Users\abinayas\.jdks\openjdk-21.0.1\bin\net.dll
Event: 0.142 Loaded shared library C:\Users\abinayas\.jdks\openjdk-21.0.1\bin\nio.dll
Event: 0.146 Loaded shared library C:\Users\abinayas\.jdks\openjdk-21.0.1\bin\zip.dll
Event: 0.229 Loaded shared library C:\Users\abinayas\AppData\Local\JetBrains\IntelliJ IDEA Community Edition 2023.3.2\bin\breakgen64.dll
Event: 0.236 Loaded shared library C:\Users\abinayas\.jdks\openjdk-21.0.1\bin\extnet.dll
Event: 0.272 Loaded shared library C:\Users\abinayas\.jdks\openjdk-21.0.1\bin\jimage.dll
Event: 0.695 Loaded shared library C:\Users\abinayas\.jdks\openjdk-21.0.1\bin\management.dll
Event: 0.698 Loaded shared library C:\Users\abinayas\.jdks\openjdk-21.0.1\bin\management_ext.dll
Event: 1.809 Loaded shared library C:\Users\abinayas\.jdks\openjdk-21.0.1\bin\sunmscapi.dll
Event: 5.105 Loaded shared library C:\Users\abinayas\.jdks\openjdk-21.0.1\bin\verify.dll

Deoptimization events (20 events):
Event: 5.182 Thread 0x00000254fed3b590 Uncommon trap: trap_request=0xffffffde fr.pc=0x0000025487b10c80 relative=0x0000000000000740
Event: 5.182 Thread 0x00000254fed3b590 Uncommon trap: reason=class_check action=maybe_recompile pc=0x0000025487b10c80 method=java.lang.reflect.Executable.getAnnotation(Ljava/lang/Class;)Ljava/lang/annotation/Annotation; @ 19 c2
Event: 5.182 Thread 0x00000254fed3b590 DEOPT PACKING pc=0x0000025487b10c80 sp=0x000000c3bd8fc380
Event: 5.182 Thread 0x00000254fed3b590 DEOPT UNPACKING pc=0x00000254875846a2 sp=0x000000c3bd8fc2f8 mode 2
Event: 5.184 Thread 0x00000254fed3b590 Uncommon trap: trap_request=0xffffffde fr.pc=0x0000025487b10c80 relative=0x0000000000000740
Event: 5.184 Thread 0x00000254fed3b590 Uncommon trap: reason=class_check action=maybe_recompile pc=0x0000025487b10c80 method=java.lang.reflect.Executable.getAnnotation(Ljava/lang/Class;)Ljava/lang/annotation/Annotation; @ 19 c2
Event: 5.184 Thread 0x00000254fed3b590 DEOPT PACKING pc=0x0000025487b10c80 sp=0x000000c3bd8fc380
Event: 5.184 Thread 0x00000254fed3b590 DEOPT UNPACKING pc=0x00000254875846a2 sp=0x000000c3bd8fc2f8 mode 2
Event: 5.184 Thread 0x00000254fed3b590 Uncommon trap: trap_request=0xffffffde fr.pc=0x0000025487b10c80 relative=0x0000000000000740
Event: 5.184 Thread 0x00000254fed3b590 Uncommon trap: reason=class_check action=maybe_recompile pc=0x0000025487b10c80 method=java.lang.reflect.Executable.getAnnotation(Ljava/lang/Class;)Ljava/lang/annotation/Annotation; @ 19 c2
Event: 5.184 Thread 0x00000254fed3b590 DEOPT PACKING pc=0x0000025487b10c80 sp=0x000000c3bd8fc380
Event: 5.184 Thread 0x00000254fed3b590 DEOPT UNPACKING pc=0x00000254875846a2 sp=0x000000c3bd8fc2f8 mode 2
Event: 5.184 Thread 0x00000254fed3b590 Uncommon trap: trap_request=0xffffffde fr.pc=0x0000025487b10c80 relative=0x0000000000000740
Event: 5.184 Thread 0x00000254fed3b590 Uncommon trap: reason=class_check action=maybe_recompile pc=0x0000025487b10c80 method=java.lang.reflect.Executable.getAnnotation(Ljava/lang/Class;)Ljava/lang/annotation/Annotation; @ 19 c2
Event: 5.184 Thread 0x00000254fed3b590 DEOPT PACKING pc=0x0000025487b10c80 sp=0x000000c3bd8fc380
Event: 5.184 Thread 0x00000254fed3b590 DEOPT UNPACKING pc=0x00000254875846a2 sp=0x000000c3bd8fc2f8 mode 2
Event: 5.486 Thread 0x00000254fed3b590 Uncommon trap: trap_request=0xffffffde fr.pc=0x0000025487cb2050 relative=0x00000000000010b0
Event: 5.486 Thread 0x00000254fed3b590 Uncommon trap: reason=class_check action=maybe_recompile pc=0x0000025487cb2050 method=java.util.concurrent.ConcurrentHashMap.putVal(Ljava/lang/Object;Ljava/lang/Object;Z)Ljava/lang/Object; @ 159 c2
Event: 5.486 Thread 0x00000254fed3b590 DEOPT PACKING pc=0x0000025487cb2050 sp=0x000000c3bd8fdc40
Event: 5.486 Thread 0x00000254fed3b590 DEOPT UNPACKING pc=0x00000254875846a2 sp=0x000000c3bd8fdbd0 mode 2

Classes loaded (20 events):
Event: 5.089 Loading class com/sun/xml/internal/stream/events/XMLEventFactoryImpl
Event: 5.089 Loading class com/sun/xml/internal/stream/events/XMLEventFactoryImpl done
Event: 5.119 Loading class java/lang/Process
Event: 5.119 Loading class java/lang/Process done
Event: 5.137 Loading class java/lang/reflect/GenericSignatureFormatError
Event: 5.137 Loading class java/lang/reflect/GenericSignatureFormatError done
Event: 5.355 Loading class javax/naming/InvalidNameException
Event: 5.355 Loading class javax/naming/InvalidNameException done
Event: 5.355 Loading class javax/naming/event/NamingListener
Event: 5.355 Loading class javax/naming/event/NamingListener done
Event: 5.356 Loading class javax/naming/event/NamespaceChangeListener
Event: 5.356 Loading class javax/naming/event/NamespaceChangeListener done
Event: 5.396 Loading class java/security/CodeSigner
Event: 5.396 Loading class java/security/CodeSigner done
Event: 5.420 Loading class java/util/regex/Pattern$1MatcherIterator
Event: 5.420 Loading class java/util/regex/Pattern$1MatcherIterator done
Event: 5.452 Loading class java/io/PipedOutputStream
Event: 5.453 Loading class java/io/PipedOutputStream done
Event: 5.459 Loading class jdk/internal/reflect/MethodHandleIntegerFieldAccessorImpl
Event: 5.459 Loading class jdk/internal/reflect/MethodHandleIntegerFieldAccessorImpl done

Classes unloaded (0 events):
No events

Classes redefined (0 events):
No events

Internal exceptions (20 events):
Event: 3.650 Thread 0x00000254fed3b590 Exception <a 'java/lang/NoSuchMethodError'{0x0000000703a916e8}: 'int java.lang.invoke.DirectMethodHandle$Holder.invokeSpecialIFC(java.lang.Object, java.lang.Object, java.lang.Object)'> (0x0000000703a916e8) 
thrown [s\open\src\hotspot\share\interpreter\linkResolver.cpp, line 773]
Event: 3.651 Thread 0x00000254fed3b590 Exception <a 'java/lang/NoSuchMethodError'{0x0000000703a9da60}: 'void java.lang.invoke.DirectMethodHandle$Holder.invokeStatic(java.lang.Object, int, java.lang.Object)'> (0x0000000703a9da60) 
thrown [s\open\src\hotspot\share\interpreter\linkResolver.cpp, line 773]
Event: 3.657 Thread 0x00000254fed3b590 Exception <a 'java/lang/NoSuchMethodError'{0x0000000703ad3658}: 'void java.lang.invoke.DirectMethodHandle$Holder.invokeStatic(java.lang.Object, java.lang.Object, java.lang.Object, int, java.lang.Object)'> (0x0000000703ad3658) 
thrown [s\open\src\hotspot\share\interpreter\linkResolver.cpp, line 773]
Event: 3.657 Thread 0x00000254fed3b590 Exception <a 'java/lang/NoSuchMethodError'{0x0000000703ad9e10}: 'java.lang.Object java.lang.invoke.DirectMethodHandle$Holder.newInvokeSpecial(java.lang.Object, java.lang.Object, java.lang.Object, int)'> (0x0000000703ad9e10) 
thrown [s\open\src\hotspot\share\interpreter\linkResolver.cpp, line 773]
Event: 3.658 Thread 0x00000254fed3b590 Exception <a 'java/lang/NoSuchMethodError'{0x0000000703addc00}: 'java.lang.Object java.lang.invoke.DirectMethodHandle$Holder.invokeSpecial(java.lang.Object, java.lang.Object, java.lang.Object, java.lang.Object, int)'> (0x0000000703addc00) 
thrown [s\open\src\hotspot\share\interpreter\linkResolver.cpp, line 773]
Event: 3.658 Thread 0x00000254fed3b590 Exception <a 'java/lang/NoSuchMethodError'{0x0000000703ae1088}: 'java.lang.Object java.lang.invoke.Invokers$Holder.linkToTargetMethod(java.lang.Object, java.lang.Object, int, java.lang.Object)'> (0x0000000703ae1088) 
thrown [s\open\src\hotspot\share\interpreter\linkResolver.cpp, line 773]
Event: 3.777 Thread 0x00000254fed3b590 Exception <a 'java/lang/NoSuchMethodError'{0x00000007036702d0}: 'java.lang.Object java.lang.invoke.DirectMethodHandle$Holder.invokeStaticInit(java.lang.Object, int, int, int, int)'> (0x00000007036702d0) 
thrown [s\open\src\hotspot\share\interpreter\linkResolver.cpp, line 773]
Event: 3.794 Thread 0x00000254fed3b590 Exception <a 'java/lang/NoSuchMethodError'{0x000000070368d738}: 'java.lang.Object java.lang.invoke.DirectMethodHandle$Holder.invokeStaticInit(java.lang.Object, java.lang.Object, int, int, int, int)'> (0x000000070368d738) 
thrown [s\open\src\hotspot\share\interpreter\linkResolver.cpp, line 773]
Event: 3.959 Thread 0x00000254fed3b590 Exception <a 'java/lang/NoSuchMethodError'{0x00000007030e9380}: 'int java.lang.invoke.DirectMethodHandle$Holder.invokeVirtual(java.lang.Object, java.lang.Object, java.lang.Object, java.lang.Object)'> (0x00000007030e9380) 
thrown [s\open\src\hotspot\share\interpreter\linkResolver.cpp, line 773]
Event: 3.959 Thread 0x00000254fed3b590 Exception <a 'java/lang/NoSuchMethodError'{0x00000007030ecde8}: 'int java.lang.invoke.DelegatingMethodHandle$Holder.reinvoke_L(java.lang.Object, java.lang.Object, java.lang.Object, java.lang.Object)'> (0x00000007030ecde8) 
thrown [s\open\src\hotspot\share\interpreter\linkResolver.cpp, line 773]
Event: 4.020 Thread 0x00000254fed3b590 Exception <a 'java/io/FileNotFoundException'{0x0000000702ef2748}> (0x0000000702ef2748) 
thrown [s\open\src\hotspot\share\prims\jni.cpp, line 520]
Event: 4.051 Thread 0x00000254fed3b590 Exception <a 'java/lang/NoSuchMethodError'{0x0000000702c38f38}: 'int java.lang.invoke.DirectMethodHandle$Holder.invokeInterface(java.lang.Object, java.lang.Object, java.lang.Object, java.lang.Object)'> (0x0000000702c38f38) 
thrown [s\open\src\hotspot\share\interpreter\linkResolver.cpp, line 773]
Event: 4.257 Thread 0x00000254fed3b590 Exception <a 'java/lang/NoSuchMethodError'{0x000000070e660d80}: 'void java.lang.invoke.DirectMethodHandle$Holder.invokeStaticInit(java.lang.Object, java.lang.Object, java.lang.Object, java.lang.Object, java.lang.Object)'> (0x000000070e660d80) 
thrown [s\open\src\hotspot\share\interpreter\linkResolver.cpp, line 773]
Event: 4.425 Thread 0x00000254fed3b590 Exception <a 'java/lang/NoSuchMethodError'{0x0000000704d854b0}: 'java.lang.Object java.lang.invoke.DirectMethodHandle$Holder.invokeStaticInit(java.lang.Object, java.lang.Object, java.lang.Object, java.lang.Object)'> (0x0000000704d854b0) 
thrown [s\open\src\hotspot\share\interpreter\linkResolver.cpp, line 773]
Event: 4.485 Thread 0x00000254fed3b590 Exception <a 'java/lang/NoSuchMethodError'{0x0000000704b64148}: 'long java.lang.invoke.DirectMethodHandle$Holder.invokeVirtual(java.lang.Object, java.lang.Object)'> (0x0000000704b64148) 
thrown [s\open\src\hotspot\share\interpreter\linkResolver.cpp, line 773]
Event: 4.492 Thread 0x00000254fed3b590 Exception <a 'java/io/FileNotFoundException'{0x0000000704b8c728}> (0x0000000704b8c728) 
thrown [s\open\src\hotspot\share\prims\jni.cpp, line 520]
Event: 4.541 Thread 0x00000254fed3b590 Exception <a 'java/lang/NoSuchMethodError'{0x0000000704919288}: 'java.lang.Object java.lang.invoke.DirectMethodHandle$Holder.newInvokeSpecial(java.lang.Object, java.lang.Object, java.lang.Object, java.lang.Object, java.lang.Object, java.lang.Object, java.lang.Object, java.lang.Object, java.lang.Object, java.lang.Object, java.lang.Object)'> (0x0000000704919288) 
thrown [s\open\src\hotspot\share\interpreter\linkResolver.cpp, line 773]
Event: 4.691 Thread 0x00000254fed3b590 Exception <a 'java/lang/NoSuchMethodError'{0x0000000704528238}: 'void java.lang.invoke.DelegatingMethodHandle$Holder.reinvoke_L(java.lang.Object, java.lang.Object, java.lang.Object, java.lang.Object, int, java.lang.Object, java.lang.Object, java.lang.Object)'> (0x0000000704528238) 
thrown [s\open\src\hotspot\share\interpreter\linkResolver.cpp, line 773]
Event: 5.375 Thread 0x00000254fed3b590 Exception <a 'java/lang/NoSuchMethodError'{0x0000000705446ca8}: 'int java.lang.invoke.DirectMethodHandle$Holder.invokeStatic(java.lang.Object)'> (0x0000000705446ca8) 
thrown [s\open\src\hotspot\share\interpreter\linkResolver.cpp, line 773]
Event: 5.459 Thread 0x00000254fed3b590 Exception <a 'java/lang/NoSuchMethodError'{0x0000000705255b30}: 'int java.lang.invoke.Invokers$Holder.invokeExact_MT(java.lang.Object, java.lang.Object)'> (0x0000000705255b30) 
thrown [s\open\src\hotspot\share\interpreter\linkResolver.cpp, line 773]

ZGC Phase Switch (0 events):
No events

VM Operations (20 events):
Event: 4.243 Executing VM operation: HandshakeAllThreads (Deoptimize)
Event: 4.243 Executing VM operation: HandshakeAllThreads (Deoptimize) done
Event: 4.259 Executing VM operation: HandshakeAllThreads (Deoptimize)
Event: 4.259 Executing VM operation: HandshakeAllThreads (Deoptimize) done
Event: 4.450 Executing VM operation: HandshakeAllThreads (Deoptimize)
Event: 4.450 Executing VM operation: HandshakeAllThreads (Deoptimize) done
Event: 4.450 Executing VM operation: HandshakeAllThreads (Deoptimize)
Event: 4.450 Executing VM operation: HandshakeAllThreads (Deoptimize) done
Event: 4.498 Executing VM operation: HandshakeAllThreads (Deoptimize)
Event: 4.498 Executing VM operation: HandshakeAllThreads (Deoptimize) done
Event: 4.787 Executing VM operation: HandshakeAllThreads (Deoptimize)
Event: 4.787 Executing VM operation: HandshakeAllThreads (Deoptimize) done
Event: 4.795 Executing VM operation: G1CollectForAllocation (G1 Evacuation Pause)
Event: 4.805 Executing VM operation: G1CollectForAllocation (G1 Evacuation Pause) done
Event: 4.839 Executing VM operation: CollectForMetadataAllocation (Metadata GC Threshold)
Event: 4.841 Executing VM operation: CollectForMetadataAllocation (Metadata GC Threshold) done
Event: 4.870 Executing VM operation: G1PauseRemark
Event: 4.874 Executing VM operation: G1PauseRemark done
Event: 4.882 Executing VM operation: G1PauseCleanup
Event: 4.882 Executing VM operation: G1PauseCleanup done

Events (20 events):
Event: 4.873 Thread 0x00000254fdfe1bf0 flushing nmethod 0x0000025487b10310
Event: 4.873 Thread 0x00000254fdfe1bf0 flushing nmethod 0x0000025487b28b90
Event: 4.873 Thread 0x00000254fdfe1bf0 flushing nmethod 0x0000025487b2a890
Event: 4.873 Thread 0x00000254fdfe1bf0 flushing nmethod 0x0000025487b22490
Event: 4.873 Thread 0x00000254fdfe1bf0 flushing nmethod 0x0000025487b0c810
Event: 4.873 Thread 0x00000254fdfe1bf0 flushing nmethod 0x0000025487b09010
Event: 4.873 Thread 0x00000254fdfe1bf0 flushing nmethod 0x0000025487afb790
Event: 4.873 Thread 0x00000254fdfe1bf0 flushing nmethod 0x0000025487afb390
Event: 4.873 Thread 0x00000254fdfe1bf0 flushing nmethod 0x0000025487afb010
Event: 4.873 Thread 0x00000254fdfe1bf0 flushing nmethod 0x0000025487adf890
Event: 4.873 Thread 0x00000254fdfe1bf0 flushing nmethod 0x0000025487afad10
Event: 4.873 Thread 0x00000254fdfe1bf0 flushing nmethod 0x0000025487aeba10
Event: 4.873 Thread 0x00000254fdfe1bf0 flushing nmethod 0x0000025487aeaf10
Event: 4.873 Thread 0x00000254fdfe1bf0 flushing nmethod 0x0000025487ae9c90
Event: 4.873 Thread 0x00000254fdfe1bf0 flushing nmethod 0x0000025487add010
Event: 4.873 Thread 0x00000254fdfe1bf0 flushing nmethod 0x0000025487ae7a10
Event: 4.873 Thread 0x00000254fdfe1bf0 flushing nmethod 0x0000025487ae6610
Event: 4.873 Thread 0x00000254fdfe1bf0 flushing nmethod 0x0000025487ae6010
Event: 4.873 Thread 0x00000254fdfe1bf0 flushing nmethod 0x0000025487ad7090
Event: 4.873 Thread 0x00000254fdfe1bf0 flushing nmethod 0x0000025487ad1490


Dynamic libraries:
0x00007ff703e10000 - 0x00007ff703e1e000 	C:\Users\abinayas\.jdks\openjdk-21.0.1\bin\java.exe
0x00007ffe10930000 - 0x00007ffe10b28000 	C:\Windows\SYSTEM32\ntdll.dll
0x00007ffe0e9c0000 - 0x00007ffe0ea7d000 	C:\Windows\System32\KERNEL32.DLL
0x00007ffe0e300000 - 0x00007ffe0e5ce000 	C:\Windows\System32\KERNELBASE.dll
0x00007ffe0e0d0000 - 0x00007ffe0e1d0000 	C:\Windows\System32\ucrtbase.dll
0x00007ffe06360000 - 0x00007ffe06378000 	C:\Users\abinayas\.jdks\openjdk-21.0.1\bin\jli.dll
0x00007ffe03be0000 - 0x00007ffe03bfb000 	C:\Users\abinayas\.jdks\openjdk-21.0.1\bin\VCRUNTIME140.dll
0x00007ffe0ed20000 - 0x00007ffe0eec0000 	C:\Windows\System32\USER32.dll
0x00007ffe065b0000 - 0x00007ffe0684a000 	C:\Windows\WinSxS\amd64_microsoft.windows.common-controls_6595b64144ccf1df_6.0.19041.1110_none_60b5254171f9507e\COMCTL32.dll
0x00007ffe0e820000 - 0x00007ffe0e842000 	C:\Windows\System32\win32u.dll
0x00007ffe0f010000 - 0x00007ffe0f03a000 	C:\Windows\System32\GDI32.dll
0x00007ffe0eec0000 - 0x00007ffe0ef5e000 	C:\Windows\System32\msvcrt.dll
0x00007ffe0e850000 - 0x00007ffe0e95b000 	C:\Windows\System32\gdi32full.dll
0x00007ffe0e5d0000 - 0x00007ffe0e66d000 	C:\Windows\System32\msvcp_win.dll
0x00007ffe0f170000 - 0x00007ffe0f1a0000 	C:\Windows\System32\IMM32.DLL
0x00007ffe063d0000 - 0x00007ffe063dc000 	C:\Users\abinayas\.jdks\openjdk-21.0.1\bin\vcruntime140_1.dll
0x00007ffdd04c0000 - 0x00007ffdd054e000 	C:\Users\abinayas\.jdks\openjdk-21.0.1\bin\msvcp140.dll
0x00007ffda2e70000 - 0x00007ffda3b85000 	C:\Users\abinayas\.jdks\openjdk-21.0.1\bin\server\jvm.dll
0x00007ffe0f200000 - 0x00007ffe0f2ae000 	C:\Windows\System32\ADVAPI32.dll
0x00007ffe0f500000 - 0x00007ffe0f59c000 	C:\Windows\System32\sechost.dll
0x00007ffe0f040000 - 0x00007ffe0f165000 	C:\Windows\System32\RPCRT4.dll
0x00007ffe10220000 - 0x00007ffe1028b000 	C:\Windows\System32\WS2_32.dll
0x00007ffe0dc40000 - 0x00007ffe0dc8b000 	C:\Windows\SYSTEM32\POWRPROF.dll
0x00007ffdebaa0000 - 0x00007ffdebac7000 	C:\Windows\SYSTEM32\WINMM.dll
0x00007ffe01550000 - 0x00007ffe0155a000 	C:\Windows\SYSTEM32\VERSION.dll
0x00007ffe0d150000 - 0x00007ffe0d162000 	C:\Windows\SYSTEM32\UMPDC.dll
0x00007ffe0bc20000 - 0x00007ffe0bc32000 	C:\Windows\SYSTEM32\kernel.appcore.dll
0x00007ffdfb8e0000 - 0x00007ffdfb8ea000 	C:\Users\abinayas\.jdks\openjdk-21.0.1\bin\jimage.dll
0x00007ffe0da50000 - 0x00007ffe0dc34000 	C:\Windows\SYSTEM32\DBGHELP.DLL
0x00007ffe06850000 - 0x00007ffe0687c000 	C:\Windows\SYSTEM32\dbgcore.DLL
0x00007ffe0e1d0000 - 0x00007ffe0e252000 	C:\Windows\System32\bcryptPrimitives.dll
0x00007ffdf8900000 - 0x00007ffdf890f000 	C:\Users\abinayas\.jdks\openjdk-21.0.1\bin\instrument.dll
0x00007ffdfb8c0000 - 0x00007ffdfb8df000 	C:\Users\abinayas\.jdks\openjdk-21.0.1\bin\java.dll
0x00007ffe0fad0000 - 0x00007ffe10213000 	C:\Windows\System32\SHELL32.dll
0x00007ffe0be40000 - 0x00007ffe0c5d5000 	C:\Windows\SYSTEM32\windows.storage.dll
0x00007ffe0f5a0000 - 0x00007ffe0f8f4000 	C:\Windows\System32\combase.dll
0x00007ffe0d700000 - 0x00007ffe0d730000 	C:\Windows\SYSTEM32\Wldp.dll
0x00007ffe0f2b0000 - 0x00007ffe0f35d000 	C:\Windows\System32\SHCORE.dll
0x00007ffe10320000 - 0x00007ffe10375000 	C:\Windows\System32\shlwapi.dll
0x00007ffe0df60000 - 0x00007ffe0df7f000 	C:\Windows\SYSTEM32\profapi.dll
0x00007ffdc4f30000 - 0x00007ffdc5007000 	C:\Users\abinayas\.jdks\openjdk-21.0.1\bin\jsvml.dll
0x00007ffde91f0000 - 0x00007ffde9208000 	C:\Users\abinayas\.jdks\openjdk-21.0.1\bin\zip.dll
0x00007ffdfb860000 - 0x00007ffdfb870000 	C:\Users\abinayas\.jdks\openjdk-21.0.1\bin\net.dll
0x00007ffe05080000 - 0x00007ffe0518a000 	C:\Windows\SYSTEM32\WINHTTP.dll
0x00007ffe0d480000 - 0x00007ffe0d4ea000 	C:\Windows\system32\mswsock.dll
0x00007ffdf8400000 - 0x00007ffdf8416000 	C:\Users\abinayas\.jdks\openjdk-21.0.1\bin\nio.dll
0x00007ffde9120000 - 0x00007ffde913a000 	C:\Users\abinayas\AppData\Local\JetBrains\IntelliJ IDEA Community Edition 2023.3.2\bin\breakgen64.dll
0x00007ffdf83d0000 - 0x00007ffdf83d7000 	C:\Users\abinayas\.jdks\openjdk-21.0.1\bin\extnet.dll
0x00007ffde91e0000 - 0x00007ffde91ea000 	C:\Users\abinayas\.jdks\openjdk-21.0.1\bin\management.dll
0x00007ffde90e0000 - 0x00007ffde90eb000 	C:\Users\abinayas\.jdks\openjdk-21.0.1\bin\management_ext.dll
0x00007ffe0ea80000 - 0x00007ffe0ea88000 	C:\Windows\System32\PSAPI.DLL
0x00007ffde90d0000 - 0x00007ffde90de000 	C:\Users\abinayas\.jdks\openjdk-21.0.1\bin\sunmscapi.dll
0x00007ffe0e670000 - 0x00007ffe0e7c6000 	C:\Windows\System32\CRYPT32.dll
0x00007ffe0d770000 - 0x00007ffe0d797000 	C:\Windows\SYSTEM32\ncrypt.dll
0x00007ffe0d730000 - 0x00007ffe0d76b000 	C:\Windows\SYSTEM32\NTASN1.dll
0x00007ffe0ddb0000 - 0x00007ffe0ddc8000 	C:\Windows\SYSTEM32\CRYPTSP.dll
0x00007ffe0cde0000 - 0x00007ffe0ce14000 	C:\Windows\system32\rsaenh.dll
0x00007ffe0e2d0000 - 0x00007ffe0e2f7000 	C:\Windows\System32\bcrypt.dll
0x00007ffe0dee0000 - 0x00007ffe0df0e000 	C:\Windows\SYSTEM32\USERENV.dll
0x00007ffe0d670000 - 0x00007ffe0d67c000 	C:\Windows\SYSTEM32\CRYPTBASE.dll
0x00007ffe0d170000 - 0x00007ffe0d1ab000 	C:\Windows\SYSTEM32\IPHLPAPI.DLL
0x00007ffe10310000 - 0x00007ffe10318000 	C:\Windows\System32\NSI.dll
0x00007ffde9090000 - 0x00007ffde90a0000 	C:\Users\abinayas\.jdks\openjdk-21.0.1\bin\verify.dll

dbghelp: loaded successfully - version: 4.0.5 - missing functions: none
symbol engine: initialized successfully - sym options: 0x614 - pdb path: .;C:\Users\abinayas\.jdks\openjdk-21.0.1\bin;C:\Windows\SYSTEM32;C:\Windows\WinSxS\amd64_microsoft.windows.common-controls_6595b64144ccf1df_6.0.19041.1110_none_60b5254171f9507e;C:\Users\abinayas\.jdks\openjdk-21.0.1\bin\server;C:\Users\abinayas\AppData\Local\JetBrains\IntelliJ IDEA Community Edition 2023.3.2\bin

VM Arguments:
jvm_args: -javaagent:C:\Users\abinayas\AppData\Local\JetBrains\IntelliJ IDEA Community Edition 2023.3.2\lib\idea_rt.jar=56006:C:\Users\abinayas\AppData\Local\JetBrains\IntelliJ IDEA Community Edition 2023.3.2\bin -Dfile.encoding=UTF-8 -Dsun.stdout.encoding=UTF-8 -Dsun.stderr.encoding=UTF-8 
java_command: com.firstproject.Spring_boot_first.SpringBootFirstApplication
java_class_path (initial): C:\Users\abinayas\Downloads\Spring_boot_first\Spring_boot_first\target\classes;C:\Users\abinayas\.m2\repository\org\springframework\boot\spring-boot-starter-web\3.2.1\spring-boot-starter-web-3.2.1.jar;C:\Users\abinayas\.m2\repository\org\springframework\boot\spring-boot-starter\3.2.1\spring-boot-starter-3.2.1.jar;C:\Users\abinayas\.m2\repository\org\springframework\boot\spring-boot-starter-logging\3.2.1\spring-boot-starter-logging-3.2.1.jar;C:\Users\abinayas\.m2\repository\ch\qos\logback\logback-classic\1.4.14\logback-classic-1.4.14.jar;C:\Users\abinayas\.m2\repository\ch\qos\logback\logback-core\1.4.14\logback-core-1.4.14.jar;C:\Users\abinayas\.m2\repository\org\apache\logging\log4j\log4j-to-slf4j\2.21.1\log4j-to-slf4j-2.21.1.jar;C:\Users\abinayas\.m2\repository\org\apache\logging\log4j\log4j-api\2.21.1\log4j-api-2.21.1.jar;C:\Users\abinayas\.m2\repository\org\slf4j\jul-to-slf4j\2.0.9\jul-to-slf4j-2.0.9.jar;C:\Users\abinayas\.m2\repository\jakarta\annotation\jakarta.annotation-api\2.1.1\jakarta.annotation-api-2.1.1.jar;C:\Users\abinayas\.m2\repository\org\yaml\snakeyaml\2.2\snakeyaml-2.2.jar;C:\Users\abinayas\.m2\repository\org\springframework\boot\spring-boot-starter-json\3.2.1\spring-boot-starter-json-3.2.1.jar;C:\Users\abinayas\.m2\repository\com\fasterxml\jackson\core\jackson-databind\2.15.3\jackson-databind-2.15.3.jar;C:\Users\abinayas\.m2\repository\com\fasterxml\jackson\core\jackson-annotations\2.15.3\jackson-annotations-2.15.3.jar;C:\Users\abinayas\.m2\repository\com\fasterxml\jackson\core\jackson-core\2.15.3\jackson-core-2.15.3.jar;C:\Users\abinayas\.m2\repository\com\fasterxml\jackson\datatype\jackson-datatype-jdk8\2.15.3\jackson-datatype-jdk8-2.15.3.jar;C:\Users\abinayas\.m2\repository\com\fasterxml\jackson\datatype\jackson-datatype-jsr310\2.15.3\jackson-datatype-jsr310-2.15.3.jar;C:\Users\abinayas\.m2\repository\com\fasterxml\jackson\module\jackson-module-parameter-names\2.15.3\jackson-module-parameter-names-2.15.3.jar;C:\Users\abinayas\.m2\repository\org\springframework\boot\spring-boot-starter-tomcat\3.2.1\spring-boot-starter-tomcat-3.2.1.jar;C:\Users\abinayas\.m2\repository\org\apache\tomcat\embed\tomcat-embed-core\10.1.17\tomcat-embed-core-10.1.17.jar;C:\Users\abinayas\.m2\repository\org\apache\tomcat\embed\tomcat-embed-el\10.1.17\tomcat-embed-el-10.1.17.jar;C:\Users\abinayas\.m2\repository\org\apache\tomcat\embed\tomcat-embed-websocket\10.1.17\tomcat-embed-websocket-10.1.17.jar;C:\Users\abinayas\.m2\repository\org\springframework\spring-web\6.1.2\spring-web-6.1.2.jar;C:\Users\abinayas\.m2\repository\org\springframework\spring-beans\6.1.2\spring-beans-6.1.2.jar;C:\Users\abinayas\.m2\repository\io\micrometer\micrometer-observation\1.12.1\micrometer-observation-1.12.1.jar;C:\Users\abinayas\.m2\repository\io\micrometer\micrometer-commons\1.12.1\micrometer-commons-1.12.1.jar;C:\Users\abinayas\.m2\repository\org\springframework\spring-webmvc\6.1.2\spring-webmvc-6.1.2.jar;C:\Users\abinayas\.m2\repository\org\springframework\spring-aop\6.1.2\spring-aop-6.1.2.jar;C:\Users\abinayas\.m2\repository\org\springframework\spring-context\6.1.2\spring-context-6.1.2.jar;C:\Users\abinayas\.m2\repository\org\springframework\spring-expression\6.1.2\spring-expression-6.1.2.jar;C:\Users\abinayas\.m2\repository\org\springframework\boot\spring-boot-starter-data-jpa\3.2.1\spring-boot-starter-data-jpa-3.2.1.jar;C:\Users\abinayas\.m2\repository\org\springframework\boot\spring-boot-starter-aop\3.2.1\spring-boot-starter-aop-3.2.1.jar;C:\Users\abinayas\.m2\repository\org\aspectj\aspectjweaver\1.9.21\aspectjweaver-1.9.21.jar;C:\Users\abinayas\.m2\repository\org\springframework\boot\spring-boot-starter-jdbc\3.2.1\spring-boot-starter-jdbc-3.2.1.jar;C:\Users\abinayas\.m2\repository\com\zaxxer\HikariCP\5.0.1\HikariCP-5.0.1.jar;C:\Users\abinayas\.m2\repository\org\springframework\spring-jdbc\6.1.2\spring-jdbc-6.1.2.jar;C:\Users\abinayas\.m2\repository\org\hibernate\orm\hibernate-core\6.4.1.Final\hibernate-core-6.4.1.Final.jar;C:\Users\abinayas\.m2\repository\jakarta\persistence\jakarta.persistence-api\3.1.0\jakarta.persistence-api-3.1.0.jar;C:\Users\abinayas\.m2\repository\jakarta\transaction\jakarta.transaction-api\2.0.1\jakarta.transaction-api-2.0.1.jar;C:\Users\abinayas\.m2\repository\org\jboss\logging\jboss-logging\3.5.3.Final\jboss-logging-3.5.3.Final.jar;C:\Users\abinayas\.m2\repository\org\hibernate\common\hibernate-commons-annotations\6.0.6.Final\hibernate-commons-annotations-6.0.6.Final.jar;C:\Users\abinayas\.m2\repository\io\smallrye\jandex\3.1.2\jandex-3.1.2.jar;C:\Users\abinayas\.m2\repository\com\fasterxml\classmate\1.6.0\classmate-1.6.0.jar;C:\Users\abinayas\.m2\repository\net\bytebuddy\byte-buddy\1.14.10\byte-buddy-1.14.10.jar;C:\Users\abinayas\.m2\repository\org\glassfish\jaxb\jaxb-runtime\4.0.4\jaxb-runtime-4.0.4.jar;C:\Users\abinayas\.m2\repository\org\glassfish\jaxb\jaxb-core\4.0.4\jaxb-core-4.0.4.jar;C:\Users\abinayas\.m2\repository\org\eclipse\angus\angus-activation\2.0.1\angus-activation-2.0.1.jar;C:\Users\abinayas\.m2\repository\org\glassfish\jaxb\txw2\4.0.4\txw2-4.0.4.jar;C:\Users\abinayas\.m2\repository\com\sun\istack\istack-commons-runtime\4.1.2\istack-commons-runtime-4.1.2.jar;C:\Users\abinayas\.m2\repository\jakarta\inject\jakarta.inject-api\2.0.1\jakarta.inject-api-2.0.1.jar;C:\Users\abinayas\.m2\repository\org\antlr\antlr4-runtime\4.13.0\antlr4-runtime-4.13.0.jar;C:\Users\abinayas\.m2\repository\org\springframework\data\spring-data-jpa\3.2.1\spring-data-jpa-3.2.1.jar;C:\Users\abinayas\.m2\repository\org\springframework\data\spring-data-commons\3.2.1\spring-data-commons-3.2.1.jar;C:\Users\abinayas\.m2\repository\org\springframework\spring-orm\6.1.2\spring-orm-6.1.2.jar;C:\Users\abinayas\.m2\repository\org\springframework\spring-tx\6.1.2\spring-tx-6.1.2.jar;C:\Users\abinayas\.m2\repository\org\slf4j\slf4j-api\2.0.9\slf4j-api-2.0.9.jar;C:\Users\abinayas\.m2\repository\org\springframework\spring-aspects\6.1.2\spring-aspects-6.1.2.jar;C:\Users\abinayas\.m2\repository\org\springframework\boot\spring-boot-devtools\3.2.1\spring-boot-devtools-3.2.1.jar;C:\Users\abinayas\.m2\repository\org\springframework\boot\spring-boot\3.2.1\spring-boot-3.2.1.jar;C:\Users\abinayas\.m2\repository\org\springframework\boot\spring-boot-autoconfigure\3.2.1\spring-boot-autoconfigure-3.2.1.jar;C:\Users\abinayas\.m2\repository\com\h2database\h2\2.2.224\h2-2.2.224.jar;C:\Users\abinayas\.m2\repository\jakarta\xml\bind\jakarta.xml.bind-api\4.0.1\jakarta.xml.bind-api-4.0.1.jar;C:\Users\abinayas\.m2\repository\jakarta\activation\jakarta.activation-api\2.1.2\jakarta.activation-api-2.1.2.jar;C:\Users\abinayas\.m2\repository\org\springframework\spring-core\6.1.2\spring-core-6.1.2.jar;C:\Users\abinayas\.m2\repository\org\springframework\spring-jcl\6.1.2\spring-jcl-6.1.2.jar
Launcher Type: SUN_STANDARD

[Global flags]
     intx CICompilerCount                          = 4                                         {product} {ergonomic}
     uint ConcGCThreads                            = 2                                         {product} {ergonomic}
     uint G1ConcRefinementThreads                  = 8                                         {product} {ergonomic}
   size_t G1HeapRegionSize                         = 2097152                                   {product} {ergonomic}
    uintx GCDrainStackTargetSize                   = 64                                        {product} {ergonomic}
   size_t InitialHeapSize                          = 266338304                                 {product} {ergonomic}
   size_t MarkStackSize                            = 4194304                                   {product} {ergonomic}
   size_t MaxHeapSize                              = 4255121408                                {product} {ergonomic}
   size_t MaxNewSize                               = 2552233984                                {product} {ergonomic}
   size_t MinHeapDeltaBytes                        = 2097152                                   {product} {ergonomic}
   size_t MinHeapSize                              = 8388608                                   {product} {ergonomic}
    uintx NonNMethodCodeHeapSize                   = 5839372                                {pd product} {ergonomic}
    uintx NonProfiledCodeHeapSize                  = 122909434                              {pd product} {ergonomic}
    uintx ProfiledCodeHeapSize                     = 122909434                              {pd product} {ergonomic}
    uintx ReservedCodeCacheSize                    = 251658240                              {pd product} {ergonomic}
     bool SegmentedCodeCache                       = true                                      {product} {ergonomic}
   size_t SoftMaxHeapSize                          = 4255121408                             {manageable} {ergonomic}
     bool UseCompressedOops                        = true                           {product lp64_product} {ergonomic}
     bool UseG1GC                                  = true                                      {product} {ergonomic}
     bool UseLargePagesIndividualAllocation        = false                                  {pd product} {ergonomic}

Logging:
Log output configuration:
 #0: stdout all=warning uptime,level,tags foldmultilines=false
 #1: stderr all=off uptime,level,tags foldmultilines=false

Environment Variables:
PATH=C:\Windows\system32;C:\Windows;C:\Windows\System32\Wbem;C:\Windows\System32\WindowsPowerShell\v1.0\;C:\Windows\System32\OpenSSH\;C:\Program Files\nodejs\;C:\Program Files\dotnet\;C:\Program Files\MySQL\MySQL Server 8.0\bin;C:\Program Files\MySQL\MySQL Shell 8.0\bin\;C:\Users\abinayas\AppData\Local\Microsoft\WindowsApps;;C:\Users\abinayas\AppData\Local\JetBrains\IntelliJ IDEA Community Edition 2023.3.2\bin;;C:\Users\abinayas\AppData\Roaming\npm
USERNAME=abinayas
OS=Windows_NT
PROCESSOR_IDENTIFIER=Intel64 Family 6 Model 142 Stepping 12, GenuineIntel
TMP=C:\Users\abinayas\AppData\Local\Temp
TEMP=C:\Users\abinayas\AppData\Local\Temp




Periodic native trim disabled

---------------  S Y S T E M  ---------------

OS:
 Windows 10 , 64 bit Build 19041 (10.0.19041.1889)
OS uptime: 0 days 5:30 hours

CPU: total 8 (initial active 8) (4 cores per cpu, 2 threads per core) family 6 model 142 stepping 12 microcode 0xf8, cx8, cmov, fxsr, ht, mmx, 3dnowpref, sse, sse2, sse3, ssse3, sse4.1, sse4.2, popcnt, lzcnt, tsc, tscinvbit, avx, avx2, aes, erms, clmul, bmi1, bmi2, adx, fma, vzeroupper, clflush, clflushopt, rdtscp, f16c
Processor Information for all 8 processors :
  Max Mhz: 1800, Current Mhz: 1600, Mhz Limit: 1584

Memory: 4k page, system-wide physical 16230M (7261M free)
TotalPageFile size 19174M (AvailPageFile size 7840M)
current process WorkingSet (physical memory assigned to process): 217M, peak: 221M
current process commit charge ("private bytes"): 255M, peak: 407M

vm_info: OpenJDK 64-Bit Server VM (21.0.1+12-29) for windows-amd64 JRE (21.0.1+12-29), built on 2023-10-05T13:27:09Z by "mach5one" with MS VC++ 17.1 (VS2022)

END.
